Removed Pin From Net: NetName=RX Pin=P2-1
Removed Pin From Net: NetName=5V Pin=P2-2
Removed Pin From Net: NetName=TX Pin=P2-3
Removed Pin From Net: NetName=GND Pin=P2-4
Change Component Comment : Designator=CAP11 Old Comment=33pF New Comment=10nF
Change Component Comment : Designator=CAP4 Old Comment=33pF New Comment=10uF
Change Component Comment : Designator=CAP5 Old Comment=33pF New Comment=10uF
Change Component Comment : Designator=Cap1 Old Comment=33pF New Comment=100nF
Change Component Comment : Designator=CAP2 Old Comment=33pF New Comment=100nF
Change Component Comment : Designator=CAP3 Old Comment=33pF New Comment=100nF
Change Component Comment : Designator=CAP6 Old Comment=33pF New Comment=100nF
Change Component Comment : Designator=CAP7 Old Comment=33pF New Comment=100nF
Change Component Comment : Designator=CAP8 Old Comment=33pF New Comment=100nF
Change Component Comment : Designator=CAP9 Old Comment=33pF New Comment=100nF
Change Component Comment : Designator=CAP10 Old Comment=33pF New Comment=100nF
Change Component Designator: OldDesignator=Cap1 NewDesignator=Cap
Change Component Designator: OldDesignator=Down NewDesignator=Buttom2
Change Component Designator: OldDesignator=Reset NewDesignator=Buttom1
Change Component Designator: OldDesignator=Up NewDesignator=Buttom3
Added Component: Designator=P2(HDR1X4)
Add component (AddParameter): Name = "LatestRevisionDate"; Value = "17-Jul-2002"; VariantName = "[No Variations]"
Add component (AddParameter): Name = "LatestRevisionNote"; Value = "Re-released for DXP Platform."; VariantName = "[No Variations]"
Add component (AddParameter): Name = "Publisher"; Value = "Altium Limited"; VariantName = "[No Variations]"
Added Pin To Net: NetName=RX Pin=P2-1
Added Pin To Net: NetName=TX Pin=P2-2
Added Pin To Net: NetName=5V Pin=P2-3
Added Pin To Net: NetName=GND Pin=P2-4
Change Net Name : Old Net Name=GND New Net Name=NetBC1_1
Added Room: Name=Esquema_Principal
Added Room: Name=U_Esquema_ATMEGA328
Added Room: Name=U_Esquema_Display
Added Room: Name=U_Esquema NTC
Added Room: Name=U_Esquematico_Fonte
Added Room: Name=U_Esquematico_MOSFET
